<?xml version="1.0" encoding="UTF-8"?>
<testsuite xmlns:xsi="http://www.w3.org/2001/XMLSchema-instance" xsi:noNamespaceSchemaLocation="https://maven.apache.org/surefire/maven-surefire-plugin/xsd/surefire-test-report.xsd" name="TestSuite" time="110.411" tests="9" errors="0" skipped="0" failures="2">
  <properties>
    <property name="gopherProxySet" value="false"/>
    <property name="awt.toolkit" value="sun.lwawt.macosx.LWCToolkit"/>
    <property name="file.encoding.pkg" value="sun.io"/>
    <property name="java.specification.version" value="1.8"/>
    <property name="sun.cpu.isalist" value=""/>
    <property name="sun.jnu.encoding" value="UTF-8"/>
    <property name="java.class.path" value="/Users/firdi/Library/CloudStorage/OneDrive-Deloitte(O365D)/TR_Training/target/test-classes:/Users/firdi/Library/CloudStorage/OneDrive-Deloitte(O365D)/TR_Training/target/classes:/Users/firdi/.m2/repository/io/cucumber/cucumber-java/6.9.0/cucumber-java-6.9.0.jar:/Users/firdi/.m2/repository/io/cucumber/cucumber-core/6.9.0/cucumber-core-6.9.0.jar:/Users/firdi/.m2/repository/io/cucumber/cucumber-gherkin/6.9.0/cucumber-gherkin-6.9.0.jar:/Users/firdi/.m2/repository/io/cucumber/cucumber-gherkin-messages/6.9.0/cucumber-gherkin-messages-6.9.0.jar:/Users/firdi/.m2/repository/io/cucumber/messages/13.2.0/messages-13.2.0.jar:/Users/firdi/.m2/repository/io/cucumber/tag-expressions/3.0.0/tag-expressions-3.0.0.jar:/Users/firdi/.m2/repository/io/cucumber/cucumber-expressions/10.3.0/cucumber-expressions-10.3.0.jar:/Users/firdi/.m2/repository/io/cucumber/datatable/3.5.0/datatable-3.5.0.jar:/Users/firdi/.m2/repository/io/cucumber/cucumber-plugin/6.9.0/cucumber-plugin-6.9.0.jar:/Users/firdi/.m2/repository/io/cucumber/docstring/6.9.0/docstring-6.9.0.jar:/Users/firdi/.m2/repository/io/cucumber/html-formatter/9.0.0/html-formatter-9.0.0.jar:/Users/firdi/.m2/repository/io/cucumber/create-meta/2.0.4/create-meta-2.0.4.jar:/Users/firdi/.m2/repository/org/apiguardian/apiguardian-api/1.1.0/apiguardian-api-1.1.0.jar:/Users/firdi/.m2/repository/io/cucumber/cucumber-junit/6.9.0/cucumber-junit-6.9.0.jar:/Users/firdi/.m2/repository/junit/junit/4.13.1/junit-4.13.1.jar:/Users/firdi/.m2/repository/org/hamcrest/hamcrest-core/1.3/hamcrest-core-1.3.jar:/Users/firdi/.m2/repository/org/seleniumhq/selenium/selenium-java/3.141.59/selenium-java-3.141.59.jar:/Users/firdi/.m2/repository/org/seleniumhq/selenium/selenium-api/3.141.59/selenium-api-3.141.59.jar:/Users/firdi/.m2/repository/org/seleniumhq/selenium/selenium-chrome-driver/3.141.59/selenium-chrome-driver-3.141.59.jar:/Users/firdi/.m2/repository/org/seleniumhq/selenium/selenium-edge-driver/3.141.59/selenium-edge-driver-3.141.59.jar:/Users/firdi/.m2/repository/org/seleniumhq/selenium/selenium-firefox-driver/3.141.59/selenium-firefox-driver-3.141.59.jar:/Users/firdi/.m2/repository/org/seleniumhq/selenium/selenium-ie-driver/3.141.59/selenium-ie-driver-3.141.59.jar:/Users/firdi/.m2/repository/org/seleniumhq/selenium/selenium-opera-driver/3.141.59/selenium-opera-driver-3.141.59.jar:/Users/firdi/.m2/repository/org/seleniumhq/selenium/selenium-remote-driver/3.141.59/selenium-remote-driver-3.141.59.jar:/Users/firdi/.m2/repository/org/seleniumhq/selenium/selenium-safari-driver/3.141.59/selenium-safari-driver-3.141.59.jar:/Users/firdi/.m2/repository/org/seleniumhq/selenium/selenium-support/3.141.59/selenium-support-3.141.59.jar:/Users/firdi/.m2/repository/net/bytebuddy/byte-buddy/1.8.15/byte-buddy-1.8.15.jar:/Users/firdi/.m2/repository/org/apache/commons/commons-exec/1.3/commons-exec-1.3.jar:/Users/firdi/.m2/repository/com/google/guava/guava/25.0-jre/guava-25.0-jre.jar:/Users/firdi/.m2/repository/com/google/code/findbugs/jsr305/1.3.9/jsr305-1.3.9.jar:/Users/firdi/.m2/repository/org/checkerframework/checker-compat-qual/2.0.0/checker-compat-qual-2.0.0.jar:/Users/firdi/.m2/repository/com/google/errorprone/error_prone_annotations/2.1.3/error_prone_annotations-2.1.3.jar:/Users/firdi/.m2/repository/com/google/j2objc/j2objc-annotations/1.1/j2objc-annotations-1.1.jar:/Users/firdi/.m2/repository/org/codehaus/mojo/animal-sniffer-annotations/1.14/animal-sniffer-annotations-1.14.jar:/Users/firdi/.m2/repository/com/squareup/okhttp3/okhttp/3.11.0/okhttp-3.11.0.jar:/Users/firdi/.m2/repository/com/squareup/okio/okio/1.14.0/okio-1.14.0.jar:/Users/firdi/.m2/repository/io/github/bonigarcia/webdrivermanager/4.2.2/webdrivermanager-4.2.2.jar:/Users/firdi/.m2/repository/org/slf4j/slf4j-api/1.7.30/slf4j-api-1.7.30.jar:/Users/firdi/.m2/repository/commons-io/commons-io/2.8.0/commons-io-2.8.0.jar:/Users/firdi/.m2/repository/com/google/code/gson/gson/2.8.6/gson-2.8.6.jar:/Users/firdi/.m2/repository/org/apache/commons/commons-lang3/3.11/commons-lang3-3.11.jar:/Users/firdi/.m2/repository/org/apache/httpcomponents/client5/httpclient5/5.0.1/httpclient5-5.0.1.jar:/Users/firdi/.m2/repository/org/apache/httpcomponents/core5/httpcore5/5.0.1/httpcore5-5.0.1.jar:/Users/firdi/.m2/repository/org/apache/httpcomponents/core5/httpcore5-h2/5.0.1/httpcore5-h2-5.0.1.jar:/Users/firdi/.m2/repository/org/rauschig/jarchivelib/1.1.0/jarchivelib-1.1.0.jar:/Users/firdi/.m2/repository/org/jsoup/jsoup/1.13.1/jsoup-1.13.1.jar:/Users/firdi/.m2/repository/tech/grasshopper/extentreports-cucumber6-adapter/2.10.0/extentreports-cucumber6-adapter-2.10.0.jar:/Users/firdi/.m2/repository/com/aventstack/extentreports/5.0.9/extentreports-5.0.9.jar:/Users/firdi/.m2/repository/io/reactivex/rxjava3/rxjava/3.0.4/rxjava-3.0.4.jar:/Users/firdi/.m2/repository/org/reactivestreams/reactive-streams/1.0.3/reactive-streams-1.0.3.jar:/Users/firdi/.m2/repository/org/freemarker/freemarker/2.3.30/freemarker-2.3.30.jar:/Users/firdi/.m2/repository/org/projectlombok/lombok/1.18.12/lombok-1.18.12.jar:/Users/firdi/.m2/repository/tech/grasshopper/extent-pdf-report/2.1.0/extent-pdf-report-2.1.0.jar:/Users/firdi/.m2/repository/tech/grasshopper/cucumber-pdf-report/2.5.0/cucumber-pdf-report-2.5.0.jar:/Users/firdi/.m2/repository/org/apache/pdfbox/pdfbox/2.0.25/pdfbox-2.0.25.jar:/Users/firdi/.m2/repository/org/apache/pdfbox/fontbox/2.0.25/fontbox-2.0.25.jar:/Users/firdi/.m2/repository/org/knowm/xchart/xchart/3.8.0/xchart-3.8.0.jar:/Users/firdi/.m2/repository/de/erichseifert/vectorgraphics2d/VectorGraphics2D/0.13/VectorGraphics2D-0.13.jar:/Users/firdi/.m2/repository/de/rototor/pdfbox/graphics2d/0.30/graphics2d-0.30.jar:/Users/firdi/.m2/repository/com/madgag/animated-gif-lib/1.4/animated-gif-lib-1.4.jar:/Users/firdi/.m2/repository/org/yaml/snakeyaml/1.28/snakeyaml-1.28.jar:/Users/firdi/.m2/repository/tech/grasshopper/table-layout/1.4.0/table-layout-1.4.0.jar:/Users/firdi/.m2/repository/tech/grasshopper/rest-assured-cucumber-pdf-report/1.1.0/rest-assured-cucumber-pdf-report-1.1.0.jar:/Users/firdi/.m2/repository/com/aventstack/klov-reporter/5.0.9/klov-reporter-5.0.9.jar:/Users/firdi/.m2/repository/org/mongodb/bson/3.6.4/bson-3.6.4.jar:/Users/firdi/.m2/repository/org/apache/httpcomponents/httpclient/4.5.13/httpclient-4.5.13.jar:/Users/firdi/.m2/repository/org/apache/httpcomponents/httpcore/4.4.13/httpcore-4.4.13.jar:/Users/firdi/.m2/repository/commons-logging/commons-logging/1.2/commons-logging-1.2.jar:/Users/firdi/.m2/repository/org/apache/httpcomponents/httpmime/4.5.13/httpmime-4.5.13.jar:/Users/firdi/.m2/repository/tech/grasshopper/htmlextentreporter/1.0.0/htmlextentreporter-1.0.0.jar:/Users/firdi/.m2/repository/org/mongodb/mongodb-driver/3.3.0/mongodb-driver-3.3.0.jar:/Users/firdi/.m2/repository/org/mongodb/mongodb-driver-core/3.3.0/mongodb-driver-core-3.3.0.jar:/Users/firdi/.m2/repository/org/testng/testng/6.14.3/testng-6.14.3.jar:/Users/firdi/.m2/repository/com/beust/jcommander/1.72/jcommander-1.72.jar:/Users/firdi/.m2/repository/org/apache-extras/beanshell/bsh/2.0b6/bsh-2.0b6.jar:/Users/firdi/.m2/repository/io/cucumber/cucumber-testng/6.9.0/cucumber-testng-6.9.0.jar:/Users/firdi/.m2/repository/org/apache/poi/poi/4.1.2/poi-4.1.2.jar:/Users/firdi/.m2/repository/commons-codec/commons-codec/1.13/commons-codec-1.13.jar:/Users/firdi/.m2/repository/org/apache/commons/commons-collections4/4.4/commons-collections4-4.4.jar:/Users/firdi/.m2/repository/org/apache/commons/commons-math3/3.6.1/commons-math3-3.6.1.jar:/Users/firdi/.m2/repository/com/zaxxer/SparseBitSet/1.2/SparseBitSet-1.2.jar:/Users/firdi/.m2/repository/org/apache/poi/poi-ooxml/4.1.2/poi-ooxml-4.1.2.jar:/Users/firdi/.m2/repository/org/apache/poi/poi-ooxml-schemas/4.1.2/poi-ooxml-schemas-4.1.2.jar:/Users/firdi/.m2/repository/org/apache/xmlbeans/xmlbeans/3.1.0/xmlbeans-3.1.0.jar:/Users/firdi/.m2/repository/org/apache/commons/commons-compress/1.19/commons-compress-1.19.jar:/Users/firdi/.m2/repository/com/github/virtuald/curvesapi/1.06/curvesapi-1.06.jar:/Users/firdi/.m2/repository/log4j/log4j/1.2.17/log4j-1.2.17.jar:"/>
    <property name="java.vm.vendor" value="Oracle Corporation"/>
    <property name="sun.arch.data.model" value="64"/>
    <property name="java.vendor.url" value="http://java.oracle.com/"/>
    <property name="user.timezone" value=""/>
    <property name="java.vm.specification.version" value="1.8"/>
    <property name="os.name" value="Mac OS X"/>
    <property name="user.country" value="IN"/>
    <property name="sun.java.launcher" value="SUN_STANDARD"/>
    <property name="sun.boot.library.path" value="/Library/Java/JavaVirtualMachines/jdk1.8.0_211.jdk/Contents/Home/jre/lib"/>
    <property name="sun.java.command" value="/Users/firdi/Library/CloudStorage/OneDrive-Deloitte(O365D)/TR_Training/target/surefire/surefirebooter5704698909589976795.jar /Users/firdi/Library/CloudStorage/OneDrive-Deloitte(O365D)/TR_Training/target/surefire 2022-04-06T14-24-43_115-jvmRun1 surefire4380317514169971456tmp surefire_07770156165720486846tmp"/>
    <property name="surefire.test.class.path" value="/Users/firdi/Library/CloudStorage/OneDrive-Deloitte(O365D)/TR_Training/target/test-classes:/Users/firdi/Library/CloudStorage/OneDrive-Deloitte(O365D)/TR_Training/target/classes:/Users/firdi/.m2/repository/io/cucumber/cucumber-java/6.9.0/cucumber-java-6.9.0.jar:/Users/firdi/.m2/repository/io/cucumber/cucumber-core/6.9.0/cucumber-core-6.9.0.jar:/Users/firdi/.m2/repository/io/cucumber/cucumber-gherkin/6.9.0/cucumber-gherkin-6.9.0.jar:/Users/firdi/.m2/repository/io/cucumber/cucumber-gherkin-messages/6.9.0/cucumber-gherkin-messages-6.9.0.jar:/Users/firdi/.m2/repository/io/cucumber/messages/13.2.0/messages-13.2.0.jar:/Users/firdi/.m2/repository/io/cucumber/tag-expressions/3.0.0/tag-expressions-3.0.0.jar:/Users/firdi/.m2/repository/io/cucumber/cucumber-expressions/10.3.0/cucumber-expressions-10.3.0.jar:/Users/firdi/.m2/repository/io/cucumber/datatable/3.5.0/datatable-3.5.0.jar:/Users/firdi/.m2/repository/io/cucumber/cucumber-plugin/6.9.0/cucumber-plugin-6.9.0.jar:/Users/firdi/.m2/repository/io/cucumber/docstring/6.9.0/docstring-6.9.0.jar:/Users/firdi/.m2/repository/io/cucumber/html-formatter/9.0.0/html-formatter-9.0.0.jar:/Users/firdi/.m2/repository/io/cucumber/create-meta/2.0.4/create-meta-2.0.4.jar:/Users/firdi/.m2/repository/org/apiguardian/apiguardian-api/1.1.0/apiguardian-api-1.1.0.jar:/Users/firdi/.m2/repository/io/cucumber/cucumber-junit/6.9.0/cucumber-junit-6.9.0.jar:/Users/firdi/.m2/repository/junit/junit/4.13.1/junit-4.13.1.jar:/Users/firdi/.m2/repository/org/hamcrest/hamcrest-core/1.3/hamcrest-core-1.3.jar:/Users/firdi/.m2/repository/org/seleniumhq/selenium/selenium-java/3.141.59/selenium-java-3.141.59.jar:/Users/firdi/.m2/repository/org/seleniumhq/selenium/selenium-api/3.141.59/selenium-api-3.141.59.jar:/Users/firdi/.m2/repository/org/seleniumhq/selenium/selenium-chrome-driver/3.141.59/selenium-chrome-driver-3.141.59.jar:/Users/firdi/.m2/repository/org/seleniumhq/selenium/selenium-edge-driver/3.141.59/selenium-edge-driver-3.141.59.jar:/Users/firdi/.m2/repository/org/seleniumhq/selenium/selenium-firefox-driver/3.141.59/selenium-firefox-driver-3.141.59.jar:/Users/firdi/.m2/repository/org/seleniumhq/selenium/selenium-ie-driver/3.141.59/selenium-ie-driver-3.141.59.jar:/Users/firdi/.m2/repository/org/seleniumhq/selenium/selenium-opera-driver/3.141.59/selenium-opera-driver-3.141.59.jar:/Users/firdi/.m2/repository/org/seleniumhq/selenium/selenium-remote-driver/3.141.59/selenium-remote-driver-3.141.59.jar:/Users/firdi/.m2/repository/org/seleniumhq/selenium/selenium-safari-driver/3.141.59/selenium-safari-driver-3.141.59.jar:/Users/firdi/.m2/repository/org/seleniumhq/selenium/selenium-support/3.141.59/selenium-support-3.141.59.jar:/Users/firdi/.m2/repository/net/bytebuddy/byte-buddy/1.8.15/byte-buddy-1.8.15.jar:/Users/firdi/.m2/repository/org/apache/commons/commons-exec/1.3/commons-exec-1.3.jar:/Users/firdi/.m2/repository/com/google/guava/guava/25.0-jre/guava-25.0-jre.jar:/Users/firdi/.m2/repository/com/google/code/findbugs/jsr305/1.3.9/jsr305-1.3.9.jar:/Users/firdi/.m2/repository/org/checkerframework/checker-compat-qual/2.0.0/checker-compat-qual-2.0.0.jar:/Users/firdi/.m2/repository/com/google/errorprone/error_prone_annotations/2.1.3/error_prone_annotations-2.1.3.jar:/Users/firdi/.m2/repository/com/google/j2objc/j2objc-annotations/1.1/j2objc-annotations-1.1.jar:/Users/firdi/.m2/repository/org/codehaus/mojo/animal-sniffer-annotations/1.14/animal-sniffer-annotations-1.14.jar:/Users/firdi/.m2/repository/com/squareup/okhttp3/okhttp/3.11.0/okhttp-3.11.0.jar:/Users/firdi/.m2/repository/com/squareup/okio/okio/1.14.0/okio-1.14.0.jar:/Users/firdi/.m2/repository/io/github/bonigarcia/webdrivermanager/4.2.2/webdrivermanager-4.2.2.jar:/Users/firdi/.m2/repository/org/slf4j/slf4j-api/1.7.30/slf4j-api-1.7.30.jar:/Users/firdi/.m2/repository/commons-io/commons-io/2.8.0/commons-io-2.8.0.jar:/Users/firdi/.m2/repository/com/google/code/gson/gson/2.8.6/gson-2.8.6.jar:/Users/firdi/.m2/repository/org/apache/commons/commons-lang3/3.11/commons-lang3-3.11.jar:/Users/firdi/.m2/repository/org/apache/httpcomponents/client5/httpclient5/5.0.1/httpclient5-5.0.1.jar:/Users/firdi/.m2/repository/org/apache/httpcomponents/core5/httpcore5/5.0.1/httpcore5-5.0.1.jar:/Users/firdi/.m2/repository/org/apache/httpcomponents/core5/httpcore5-h2/5.0.1/httpcore5-h2-5.0.1.jar:/Users/firdi/.m2/repository/org/rauschig/jarchivelib/1.1.0/jarchivelib-1.1.0.jar:/Users/firdi/.m2/repository/org/jsoup/jsoup/1.13.1/jsoup-1.13.1.jar:/Users/firdi/.m2/repository/tech/grasshopper/extentreports-cucumber6-adapter/2.10.0/extentreports-cucumber6-adapter-2.10.0.jar:/Users/firdi/.m2/repository/com/aventstack/extentreports/5.0.9/extentreports-5.0.9.jar:/Users/firdi/.m2/repository/io/reactivex/rxjava3/rxjava/3.0.4/rxjava-3.0.4.jar:/Users/firdi/.m2/repository/org/reactivestreams/reactive-streams/1.0.3/reactive-streams-1.0.3.jar:/Users/firdi/.m2/repository/org/freemarker/freemarker/2.3.30/freemarker-2.3.30.jar:/Users/firdi/.m2/repository/org/projectlombok/lombok/1.18.12/lombok-1.18.12.jar:/Users/firdi/.m2/repository/tech/grasshopper/extent-pdf-report/2.1.0/extent-pdf-report-2.1.0.jar:/Users/firdi/.m2/repository/tech/grasshopper/cucumber-pdf-report/2.5.0/cucumber-pdf-report-2.5.0.jar:/Users/firdi/.m2/repository/org/apache/pdfbox/pdfbox/2.0.25/pdfbox-2.0.25.jar:/Users/firdi/.m2/repository/org/apache/pdfbox/fontbox/2.0.25/fontbox-2.0.25.jar:/Users/firdi/.m2/repository/org/knowm/xchart/xchart/3.8.0/xchart-3.8.0.jar:/Users/firdi/.m2/repository/de/erichseifert/vectorgraphics2d/VectorGraphics2D/0.13/VectorGraphics2D-0.13.jar:/Users/firdi/.m2/repository/de/rototor/pdfbox/graphics2d/0.30/graphics2d-0.30.jar:/Users/firdi/.m2/repository/com/madgag/animated-gif-lib/1.4/animated-gif-lib-1.4.jar:/Users/firdi/.m2/repository/org/yaml/snakeyaml/1.28/snakeyaml-1.28.jar:/Users/firdi/.m2/repository/tech/grasshopper/table-layout/1.4.0/table-layout-1.4.0.jar:/Users/firdi/.m2/repository/tech/grasshopper/rest-assured-cucumber-pdf-report/1.1.0/rest-assured-cucumber-pdf-report-1.1.0.jar:/Users/firdi/.m2/repository/com/aventstack/klov-reporter/5.0.9/klov-reporter-5.0.9.jar:/Users/firdi/.m2/repository/org/mongodb/bson/3.6.4/bson-3.6.4.jar:/Users/firdi/.m2/repository/org/apache/httpcomponents/httpclient/4.5.13/httpclient-4.5.13.jar:/Users/firdi/.m2/repository/org/apache/httpcomponents/httpcore/4.4.13/httpcore-4.4.13.jar:/Users/firdi/.m2/repository/commons-logging/commons-logging/1.2/commons-logging-1.2.jar:/Users/firdi/.m2/repository/org/apache/httpcomponents/httpmime/4.5.13/httpmime-4.5.13.jar:/Users/firdi/.m2/repository/tech/grasshopper/htmlextentreporter/1.0.0/htmlextentreporter-1.0.0.jar:/Users/firdi/.m2/repository/org/mongodb/mongodb-driver/3.3.0/mongodb-driver-3.3.0.jar:/Users/firdi/.m2/repository/org/mongodb/mongodb-driver-core/3.3.0/mongodb-driver-core-3.3.0.jar:/Users/firdi/.m2/repository/org/testng/testng/6.14.3/testng-6.14.3.jar:/Users/firdi/.m2/repository/com/beust/jcommander/1.72/jcommander-1.72.jar:/Users/firdi/.m2/repository/org/apache-extras/beanshell/bsh/2.0b6/bsh-2.0b6.jar:/Users/firdi/.m2/repository/io/cucumber/cucumber-testng/6.9.0/cucumber-testng-6.9.0.jar:/Users/firdi/.m2/repository/org/apache/poi/poi/4.1.2/poi-4.1.2.jar:/Users/firdi/.m2/repository/commons-codec/commons-codec/1.13/commons-codec-1.13.jar:/Users/firdi/.m2/repository/org/apache/commons/commons-collections4/4.4/commons-collections4-4.4.jar:/Users/firdi/.m2/repository/org/apache/commons/commons-math3/3.6.1/commons-math3-3.6.1.jar:/Users/firdi/.m2/repository/com/zaxxer/SparseBitSet/1.2/SparseBitSet-1.2.jar:/Users/firdi/.m2/repository/org/apache/poi/poi-ooxml/4.1.2/poi-ooxml-4.1.2.jar:/Users/firdi/.m2/repository/org/apache/poi/poi-ooxml-schemas/4.1.2/poi-ooxml-schemas-4.1.2.jar:/Users/firdi/.m2/repository/org/apache/xmlbeans/xmlbeans/3.1.0/xmlbeans-3.1.0.jar:/Users/firdi/.m2/repository/org/apache/commons/commons-compress/1.19/commons-compress-1.19.jar:/Users/firdi/.m2/repository/com/github/virtuald/curvesapi/1.06/curvesapi-1.06.jar:/Users/firdi/.m2/repository/log4j/log4j/1.2.17/log4j-1.2.17.jar:"/>
    <property name="sun.cpu.endian" value="little"/>
    <property name="user.home" value="/Users/firdi"/>
    <property name="user.language" value="en"/>
    <property name="java.specification.vendor" value="Oracle Corporation"/>
    <property name="java.home" value="/Library/Java/JavaVirtualMachines/jdk1.8.0_211.jdk/Contents/Home/jre"/>
    <property name="basedir" value="/Users/firdi/Library/CloudStorage/OneDrive-Deloitte(O365D)/TR_Training"/>
    <property name="file.separator" value="/"/>
    <property name="line.separator" value="&#10;"/>
    <property name="java.vm.specification.vendor" value="Oracle Corporation"/>
    <property name="java.specification.name" value="Java Platform API Specification"/>
    <property name="java.awt.graphicsenv" value="sun.awt.CGraphicsEnvironment"/>
    <property name="surefire.real.class.path" value="/Users/firdi/Library/CloudStorage/OneDrive-Deloitte(O365D)/TR_Training/target/surefire/surefirebooter5704698909589976795.jar"/>
    <property name="sun.boot.class.path" value="/Library/Java/JavaVirtualMachines/jdk1.8.0_211.jdk/Contents/Home/jre/lib/resources.jar:/Library/Java/JavaVirtualMachines/jdk1.8.0_211.jdk/Contents/Home/jre/lib/rt.jar:/Library/Java/JavaVirtualMachines/jdk1.8.0_211.jdk/Contents/Home/jre/lib/sunrsasign.jar:/Library/Java/JavaVirtualMachines/jdk1.8.0_211.jdk/Contents/Home/jre/lib/jsse.jar:/Library/Java/JavaVirtualMachines/jdk1.8.0_211.jdk/Contents/Home/jre/lib/jce.jar:/Library/Java/JavaVirtualMachines/jdk1.8.0_211.jdk/Contents/Home/jre/lib/charsets.jar:/Library/Java/JavaVirtualMachines/jdk1.8.0_211.jdk/Contents/Home/jre/lib/jfr.jar:/Library/Java/JavaVirtualMachines/jdk1.8.0_211.jdk/Contents/Home/jre/classes"/>
    <property name="sun.management.compiler" value="HotSpot 64-Bit Tiered Compilers"/>
    <property name="java.runtime.version" value="1.8.0_211-b12"/>
    <property name="user.name" value="firdi"/>
    <property name="path.separator" value=":"/>
    <property name="os.version" value="10.16"/>
    <property name="java.endorsed.dirs" value="/Library/Java/JavaVirtualMachines/jdk1.8.0_211.jdk/Contents/Home/jre/lib/endorsed"/>
    <property name="java.runtime.name" value="Java(TM) SE Runtime Environment"/>
    <property name="file.encoding" value="US-ASCII"/>
    <property name="java.vm.name" value="Java HotSpot(TM) 64-Bit Server VM"/>
    <property name="localRepository" value="/Users/firdi/.m2/repository"/>
    <property name="java.vendor.url.bug" value="http://bugreport.sun.com/bugreport/"/>
    <property name="java.io.tmpdir" value="/var/folders/3r/cq_7n2w13gb_856dv9_v6lrm0000gp/T/"/>
    <property name="idea.version" value="2021.3.3"/>
    <property name="java.version" value="1.8.0_211"/>
    <property name="user.dir" value="/Users/firdi/Library/CloudStorage/OneDrive-Deloitte(O365D)/TR_Training"/>
    <property name="os.arch" value="x86_64"/>
    <property name="java.vm.specification.name" value="Java Virtual Machine Specification"/>
    <property name="java.awt.printerjob" value="sun.lwawt.macosx.CPrinterJob"/>
    <property name="sun.os.patch.level" value="unknown"/>
    <property name="java.library.path" value="/Users/firdi/Library/Java/Extensions:/Library/Java/Extensions:/Network/Library/Java/Extensions:/System/Library/Java/Extensions:/usr/lib/java:."/>
    <property name="java.vm.info" value="mixed mode"/>
    <property name="java.vendor" value="Oracle Corporation"/>
    <property name="java.vm.version" value="25.211-b12"/>
    <property name="java.ext.dirs" value="/Users/firdi/Library/Java/Extensions:/Library/Java/JavaVirtualMachines/jdk1.8.0_211.jdk/Contents/Home/jre/lib/ext:/Library/Java/Extensions:/Network/Library/Java/Extensions:/System/Library/Java/Extensions:/usr/lib/java"/>
    <property name="sun.io.unicode.encoding" value="UnicodeBig"/>
    <property name="java.class.version" value="52.0"/>
  </properties>
  <testcase name="runScenario" classname="Stepdefinition.TestRunner_2" time="13.953"/>
  <testcase name="runScenario" classname="Stepdefinition.TestRunner_2" time="35.874">
    <failure type="java.lang.AssertionError">java.lang.AssertionError
</failure>
    <system-out><![CDATA[12 total results
12
4 total results
4
4 total results
4
4 total results
4
0 total results
0
total 12
  &amp#27;[31mThen &amp#27;[0m&amp#27;[31mcount the total numbers of cars in each section&amp#27;[0m         &amp#27;[90m# Stepdefinition.dashboard_page.count_the_total_numbers_of_cars_in_each_section()&amp#27;[0m
      &amp#27;[31mjava.lang.AssertionError
	at Pages.CarList.countTheTotalCars(CarList.java:111)
	at Stepdefinition.dashboard_page.count_the_total_numbers_of_cars_in_each_section(dashboard_page.java:363)
	at ✽.count the total numbers of cars in each section(file:///Users/firdi/Library/CloudStorage/OneDrive-Deloitte(O365D)/TR_Training/src/test/java/Feature/Carlisting.feature:12)
&amp#27;[0m

    Embedding Validate_the_total_number_of_cars_in_View_All_page [image/png 147103 bytes]

]]></system-out>
    <system-err><![CDATA[log4j:WARN Continuable parsing error 3 and column 92
log4j:WARN Attribute "xmlns:log4j" with value "https://logging.apache.org/log4j/2.x/" must have a value of "http://jakarta.apache.org/log4j/".
]]></system-err>
  </testcase>
  <testcase name="runScenario" classname="Stepdefinition.TestRunner_3" time="24.951"/>
  <testcase name="runScenario" classname="Stepdefinition.TestRunner_3" time="25.005"/>
  <testcase name="runScenario" classname="Stepdefinition.TestRunner_3" time="34.133"/>
  <testcase name="runScenario" classname="Stepdefinition.TestRunner_3" time="34.145"/>
  <testcase name="runScenario" classname="Stepdefinition.TestRunner_3" time="34.398"/>
  <testcase name="runScenario" classname="Stepdefinition.TestRunner_3" time="35.533"/>
  <testcase name="runScenario" classname="Stepdefinition.TestRunner_3" time="60.87">
    <failure type="java.lang.AssertionError">java.lang.AssertionError
</failure>
    <system-out><![CDATA[  &amp#27;[31mAnd &amp#27;[0m&amp#27;[31mvalidate search bar & search button are present&amp#27;[0m          &amp#27;[90m# Stepdefinition.dashboard_page.validateSearchBarSearchButtonArePresent()&amp#27;[0m
      &amp#27;[31mjava.lang.AssertionError
	at Stepdefinition.dashboard_page.validateSearchBarSearchButtonArePresent(dashboard_page.java:295)
	at ✽.validate search bar & search button are present(file:///Users/firdi/Library/CloudStorage/OneDrive-Deloitte(O365D)/TR_Training/src/test/java/Feature/Dashboard.feature:12)
&amp#27;[0m

    Embedding Validate_Search_functionality [image/png 1294102 bytes]

]]></system-out>
    <system-err><![CDATA[log4j:WARN Continuable parsing error 3 and column 92
log4j:WARN Attribute "xmlns:log4j" with value "https://logging.apache.org/log4j/2.x/" must have a value of "http://jakarta.apache.org/log4j/".
]]></system-err>
  </testcase>
</testsuite>