<?xml version="1.0" encoding="UTF-8"?>
<!-- Generated by org.testng.reporters.JUnitReportReporter -->
<testsuite skipped="0" hostname="USBGOFIRDI1" name="Stepdefinition.TestRunner_2" tests="7" failures="1" timestamp="08 Apr 2022 05:54:09 GMT" time="277.824" errors="0">
  <testcase name="runScenario" time="26.190" classname="Stepdefinition.TestRunner_2"/>
  <testcase name="runScenario" time="44.292" classname="Stepdefinition.TestRunner_2"/>
  <testcase name="runScenario" time="31.908" classname="Stepdefinition.TestRunner_2"/>
  <testcase name="runScenario" time="44.720" classname="Stepdefinition.TestRunner_2"/>
  <testcase name="runScenario" time="65.459" classname="Stepdefinition.TestRunner_2">
    <failure type="java.lang.AssertionError">
      <![CDATA[java.lang.AssertionError
at Stepdefinition.dashboard_page.validateSearchBarSearchButtonArePresent(dashboard_page.java:295)
at âœ½.validate search bar & search button are present(file:///Users/firdi/Library/CloudStorage/OneDrive-Deloitte(O365D)/TR_Training/src/test/java/Feature/Dashboard.feature:12)
]]>
    </failure>
  </testcase> <!-- runScenario -->
  <testcase name="runScenario" time="30.969" classname="Stepdefinition.TestRunner_2"/>
  <testcase name="runScenario" time="34.286" classname="Stepdefinition.TestRunner_2"/>
</testsuite> <!-- Stepdefinition.TestRunner_2 -->
