<?xml version="1.0" encoding="UTF-8"?>
<!-- Generated by org.testng.reporters.JUnitReportReporter -->
<testsuite skipped="0" hostname="USBGOFIRDI1" name="Stepdefinition.TestRunner_2" tests="2" failures="1" timestamp="06 Apr 2022 08:56:34 GMT" time="49.821" errors="0">
  <testcase name="runScenario" time="13.954" classname="Stepdefinition.TestRunner_2"/>
  <testcase name="runScenario" time="35.867" classname="Stepdefinition.TestRunner_2">
    <failure type="java.lang.AssertionError">
      <![CDATA[java.lang.AssertionError
at Pages.CarList.countTheTotalCars(CarList.java:111)
at Stepdefinition.dashboard_page.count_the_total_numbers_of_cars_in_each_section(dashboard_page.java:363)
at âœ½.count the total numbers of cars in each section(file:///Users/firdi/Library/CloudStorage/OneDrive-Deloitte(O365D)/TR_Training/src/test/java/Feature/Carlisting.feature:12)
]]>
    </failure>
  </testcase> <!-- runScenario -->
</testsuite> <!-- Stepdefinition.TestRunner_2 -->
